#
# There is insufficient memory for the Java Runtime Environment to continue.
# Native memory allocation (malloc) failed to allocate 1487920 bytes for Chunk::new
# Possible reasons:
#   The system is out of physical RAM or swap space
#   The process is running with CompressedOops enabled, and the Java Heap may be blocking the growth of the native heap
# Possible solutions:
#   Reduce memory load on the system
#   Increase physical memory or swap space
#   Check if swap backing store is full
#   Decrease Java heap size (-Xmx/-Xms)
#   Decrease number of Java threads
#   Decrease Java thread stack sizes (-Xss)
#   Set larger code cache with -XX:ReservedCodeCacheSize=
#   JVM is running with Unscaled Compressed Oops mode in which the Java heap is
#     placed in the first 4GB address space. The Java Heap base address is the
#     maximum limit for the native heap growth. Please use -XX:HeapBaseMinAddress
#     to set the Java Heap base and to place the Java Heap above 4GB virtual address.
# This output file may be truncated or incomplete.
#
#  Out of Memory Error (arena.cpp:189), pid=221004, tid=221156
#
# JRE version: OpenJDK Runtime Environment (17.0.6) (build 17.0.6+0-b2043.56-10027231)
# Java VM: OpenJDK 64-Bit Server VM (17.0.6+0-b2043.56-10027231, mixed mode, tiered, compressed oops, compressed class ptrs, g1 gc, windows-amd64)
# No core dump will be written. Minidumps are not enabled by default on client versions of Windows
#

---------------  S U M M A R Y ------------

Command Line: org.jetbrains.kotlin.cli.jvm.K2JVMCompiler @C:\Users\juan manuel\AndroidStudioProjects\FirebaseExample\app\build\20240222_7723378281178383156.compiler.options

Host: AMD A8-5545M APU with Radeon(tm) HD Graphics   , 4 cores, 7G,  Windows 10 , 64 bit Build 19041 (10.0.19041.804)
Time: Thu Feb 22 13:58:17 2024 Hora estándar central (México) elapsed time: 48.369885 seconds (0d 0h 0m 48s)

---------------  T H R E A D  ---------------

Current thread (0x00000218be4187a0):  JavaThread "C2 CompilerThread0" daemon [_thread_in_native, id=221156, stack(0x000000a5fd600000,0x000000a5fd700000)]


Current CompileTask:
C2:  48370 10730       4       org.jetbrains.kotlin.load.kotlin.TypeSignatureMappingKt::mapBuiltInType (339 bytes)

Stack: [0x000000a5fd600000,0x000000a5fd700000]
Native frames: (J=compiled Java code, j=interpreted, Vv=VM code, C=native code)
V  [jvm.dll+0x683c9a]
V  [jvm.dll+0x8427a4]
V  [jvm.dll+0x843f9e]
V  [jvm.dll+0x844603]
V  [jvm.dll+0x249b75]
V  [jvm.dll+0xabcac]
V  [jvm.dll+0xac27c]
V  [jvm.dll+0x368857]
V  [jvm.dll+0x332f31]
V  [jvm.dll+0x3323da]
V  [jvm.dll+0x21c201]
V  [jvm.dll+0x21b621]
V  [jvm.dll+0x1a4fdd]
V  [jvm.dll+0x22b098]
V  [jvm.dll+0x229159]
V  [jvm.dll+0x7f81ec]
V  [jvm.dll+0x7f274a]
V  [jvm.dll+0x682ad5]
C  [ucrtbase.dll+0x21bb2]
C  [KERNEL32.DLL+0x17034]
C  [ntdll.dll+0x52651]


---------------  P R O C E S S  ---------------

Threads class SMR info:
_java_thread_list=0x00000218c0a42290, length=12, elements={
0x00000218a2d08f90, 0x00000218bda78be0, 0x00000218bda69ec0, 0x00000218bdad2910,
0x00000218bdad52e0, 0x00000218bdad5ba0, 0x00000218bdad6460, 0x00000218be4187a0,
0x00000218be4190a0, 0x00000218be4199a0, 0x00000218be59eed0, 0x00000218be5a0050
}

Java Threads: ( => current thread )
  0x00000218a2d08f90 JavaThread "main" [_thread_in_native, id=221076, stack(0x000000a5fc900000,0x000000a5fca00000)]
  0x00000218bda78be0 JavaThread "Reference Handler" daemon [_thread_blocked, id=221132, stack(0x000000a5fd000000,0x000000a5fd100000)]
  0x00000218bda69ec0 JavaThread "Finalizer" daemon [_thread_blocked, id=221136, stack(0x000000a5fd100000,0x000000a5fd200000)]
  0x00000218bdad2910 JavaThread "Signal Dispatcher" daemon [_thread_blocked, id=221140, stack(0x000000a5fd200000,0x000000a5fd300000)]
  0x00000218bdad52e0 JavaThread "Attach Listener" daemon [_thread_blocked, id=221144, stack(0x000000a5fd300000,0x000000a5fd400000)]
  0x00000218bdad5ba0 JavaThread "Service Thread" daemon [_thread_blocked, id=221148, stack(0x000000a5fd400000,0x000000a5fd500000)]
  0x00000218bdad6460 JavaThread "Monitor Deflation Thread" daemon [_thread_blocked, id=221152, stack(0x000000a5fd500000,0x000000a5fd600000)]
=>0x00000218be4187a0 JavaThread "C2 CompilerThread0" daemon [_thread_in_native, id=221156, stack(0x000000a5fd600000,0x000000a5fd700000)]
  0x00000218be4190a0 JavaThread "C1 CompilerThread0" daemon [_thread_blocked, id=221160, stack(0x000000a5fd700000,0x000000a5fd800000)]
  0x00000218be4199a0 JavaThread "Sweeper thread" daemon [_thread_blocked, id=221164, stack(0x000000a5fd800000,0x000000a5fd900000)]
  0x00000218be59eed0 JavaThread "Notification Thread" daemon [_thread_blocked, id=221172, stack(0x000000a5fd900000,0x000000a5fda00000)]
  0x00000218be5a0050 JavaThread "Common-Cleaner" daemon [_thread_blocked, id=221180, stack(0x000000a5fdb00000,0x000000a5fdc00000)]

Other Threads:
  0x00000218bda93700 VMThread "VM Thread" [stack: 0x000000a5fcf00000,0x000000a5fd000000] [id=221128]
  0x00000218be59f3a0 WatcherThread [stack: 0x000000a5fda00000,0x000000a5fdb00000] [id=221176]
  0x00000218a2d5eef0 GCTaskThread "GC Thread#0" [stack: 0x000000a5fca00000,0x000000a5fcb00000] [id=221084]
  0x00000218bea1ab50 GCTaskThread "GC Thread#1" [stack: 0x000000a5fdc00000,0x000000a5fdd00000] [id=215376]
  0x00000218bea17b30 GCTaskThread "GC Thread#2" [stack: 0x000000a5fdd00000,0x000000a5fde00000] [id=218632]
  0x00000218bea25960 GCTaskThread "GC Thread#3" [stack: 0x000000a5fde00000,0x000000a5fdf00000] [id=218236]
  0x00000218a2d6e470 ConcurrentGCThread "G1 Main Marker" [stack: 0x000000a5fcb00000,0x000000a5fcc00000] [id=221088]
  0x00000218a2d6f620 ConcurrentGCThread "G1 Conc#0" [stack: 0x000000a5fcc00000,0x000000a5fcd00000] [id=221092]
  0x00000218a2dd6080 ConcurrentGCThread "G1 Refine#0" [stack: 0x000000a5fcd00000,0x000000a5fce00000] [id=221096]
  0x00000218a2dd6aa0 ConcurrentGCThread "G1 Service" [stack: 0x000000a5fce00000,0x000000a5fcf00000] [id=221100]

Threads with active compile tasks:
C2 CompilerThread0    49674 10730       4       org.jetbrains.kotlin.load.kotlin.TypeSignatureMappingKt::mapBuiltInType (339 bytes)

VM state: not at safepoint (normal execution)

VM Mutex/Monitor currently owned by a thread: None

Heap address: 0x000000008ce00000, size: 1842 MB, Compressed Oops mode: 32-bit

CDS archive(s) not mapped
Compressed class space mapped at: 0x0000000100000000-0x0000000140000000, reserved size: 1073741824
Narrow klass base: 0x0000000000000000, Narrow klass shift: 3, Narrow klass range: 0x140000000

GC Precious Log:
 CPUs: 4 total, 4 available
 Memory: 7364M
 Large Page Support: Disabled
 NUMA Support: Disabled
 Compressed Oops: Enabled (32-bit)
 Heap Region Size: 1M
 Heap Min Capacity: 8M
 Heap Initial Capacity: 116M
 Heap Max Capacity: 1842M
 Pre-touch: Disabled
 Parallel Workers: 4
 Concurrent Workers: 1
 Concurrent Refinement Workers: 4
 Periodic GC: Disabled

Heap:
 garbage-first heap   total 232448K, used 103248K [0x000000008ce00000, 0x0000000100000000)
  region size 1024K, 39 young (39936K), 4 survivors (4096K)
 Metaspace       used 77481K, committed 77824K, reserved 1122304K
  class space    used 8787K, committed 8960K, reserved 1048576K

Heap Regions: E=young(eden), S=young(survivor), O=old, HS=humongous(starts), HC=humongous(continues), CS=collection set, F=free, OA=open archive, CA=closed archive, TAMS=top-at-mark-start (previous, next)
|   0|0x000000008ce00000, 0x000000008cf00000, 0x000000008cf00000|100%|HS|  |TAMS 0x000000008cf00000, 0x000000008ce00000| Complete 
|   1|0x000000008cf00000, 0x000000008d000000, 0x000000008d000000|100%|HC|  |TAMS 0x000000008d000000, 0x000000008cf00000| Complete 
|   2|0x000000008d000000, 0x000000008d100000, 0x000000008d100000|100%|HC|  |TAMS 0x000000008d100000, 0x000000008d000000| Complete 
|   3|0x000000008d100000, 0x000000008d200000, 0x000000008d200000|100%|HC|  |TAMS 0x000000008d200000, 0x000000008d100000| Complete 
|   4|0x000000008d200000, 0x000000008d300000, 0x000000008d300000|100%| O|  |TAMS 0x000000008d300000, 0x000000008d200000| Untracked 
|   5|0x000000008d300000, 0x000000008d400000, 0x000000008d400000|100%| O|  |TAMS 0x000000008d400000, 0x000000008d300000| Untracked 
|   6|0x000000008d400000, 0x000000008d500000, 0x000000008d500000|100%| O|  |TAMS 0x000000008d500000, 0x000000008d400000| Untracked 
|   7|0x000000008d500000, 0x000000008d600000, 0x000000008d600000|100%|HS|  |TAMS 0x000000008d600000, 0x000000008d500000| Complete 
|   8|0x000000008d600000, 0x000000008d700000, 0x000000008d700000|100%|HC|  |TAMS 0x000000008d700000, 0x000000008d600000| Complete 
|   9|0x000000008d700000, 0x000000008d800000, 0x000000008d800000|100%|HC|  |TAMS 0x000000008d800000, 0x000000008d700000| Complete 
|  10|0x000000008d800000, 0x000000008d900000, 0x000000008d900000|100%|HC|  |TAMS 0x000000008d900000, 0x000000008d800000| Complete 
|  11|0x000000008d900000, 0x000000008da00000, 0x000000008da00000|100%| O|  |TAMS 0x000000008da00000, 0x000000008d900000| Untracked 
|  12|0x000000008da00000, 0x000000008db00000, 0x000000008db00000|100%| O|  |TAMS 0x000000008db00000, 0x000000008da00000| Untracked 
|  13|0x000000008db00000, 0x000000008dc00000, 0x000000008dc00000|100%| O|  |TAMS 0x000000008dc00000, 0x000000008db00000| Untracked 
|  14|0x000000008dc00000, 0x000000008dd00000, 0x000000008dd00000|100%| O|  |TAMS 0x000000008dd00000, 0x000000008dc00000| Untracked 
|  15|0x000000008dd00000, 0x000000008de00000, 0x000000008de00000|100%| O|  |TAMS 0x000000008de00000, 0x000000008dd00000| Untracked 
|  16|0x000000008de00000, 0x000000008df00000, 0x000000008df00000|100%| O|  |TAMS 0x000000008df00000, 0x000000008de00000| Untracked 
|  17|0x000000008df00000, 0x000000008e000000, 0x000000008e000000|100%| O|  |TAMS 0x000000008e000000, 0x000000008df00000| Untracked 
|  18|0x000000008e000000, 0x000000008e100000, 0x000000008e100000|100%| O|  |TAMS 0x000000008e100000, 0x000000008e000000| Untracked 
|  19|0x000000008e100000, 0x000000008e200000, 0x000000008e200000|100%| O|  |TAMS 0x000000008e200000, 0x000000008e100000| Untracked 
|  20|0x000000008e200000, 0x000000008e300000, 0x000000008e300000|100%| O|  |TAMS 0x000000008e300000, 0x000000008e200000| Untracked 
|  21|0x000000008e300000, 0x000000008e400000, 0x000000008e400000|100%| O|  |TAMS 0x000000008e400000, 0x000000008e300000| Untracked 
|  22|0x000000008e400000, 0x000000008e500000, 0x000000008e500000|100%| O|  |TAMS 0x000000008e500000, 0x000000008e400000| Untracked 
|  23|0x000000008e500000, 0x000000008e600000, 0x000000008e600000|100%| O|  |TAMS 0x000000008e600000, 0x000000008e500000| Untracked 
|  24|0x000000008e600000, 0x000000008e700000, 0x000000008e700000|100%| O|  |TAMS 0x000000008e700000, 0x000000008e600000| Untracked 
|  25|0x000000008e700000, 0x000000008e700000, 0x000000008e800000|  0%| F|  |TAMS 0x000000008e700000, 0x000000008e700000| Untracked 
|  26|0x000000008e800000, 0x000000008e900000, 0x000000008e900000|100%| O|  |TAMS 0x000000008e900000, 0x000000008e800000| Untracked 
|  27|0x000000008e900000, 0x000000008ea00000, 0x000000008ea00000|100%| O|  |TAMS 0x000000008ea00000, 0x000000008e900000| Untracked 
|  28|0x000000008ea00000, 0x000000008eb00000, 0x000000008eb00000|100%| O|  |TAMS 0x000000008eb00000, 0x000000008ea00000| Untracked 
|  29|0x000000008eb00000, 0x000000008ec00000, 0x000000008ec00000|100%| O|  |TAMS 0x000000008ec00000, 0x000000008eb00000| Untracked 
|  30|0x000000008ec00000, 0x000000008ed00000, 0x000000008ed00000|100%| O|  |TAMS 0x000000008ed00000, 0x000000008ec00000| Untracked 
|  31|0x000000008ed00000, 0x000000008ee00000, 0x000000008ee00000|100%|HS|  |TAMS 0x000000008ee00000, 0x000000008ed00000| Complete 
|  32|0x000000008ee00000, 0x000000008ef00000, 0x000000008ef00000|100%|HC|  |TAMS 0x000000008ef00000, 0x000000008ee00000| Complete 
|  33|0x000000008ef00000, 0x000000008f000000, 0x000000008f000000|100%| O|  |TAMS 0x000000008f000000, 0x000000008ef00000| Untracked 
|  34|0x000000008f000000, 0x000000008f100000, 0x000000008f100000|100%| O|  |TAMS 0x000000008f100000, 0x000000008f000000| Untracked 
|  35|0x000000008f100000, 0x000000008f200000, 0x000000008f200000|100%| O|  |TAMS 0x000000008f200000, 0x000000008f100000| Untracked 
|  36|0x000000008f200000, 0x000000008f300000, 0x000000008f300000|100%| O|  |TAMS 0x000000008f300000, 0x000000008f200000| Untracked 
|  37|0x000000008f300000, 0x000000008f400000, 0x000000008f400000|100%| O|  |TAMS 0x000000008f400000, 0x000000008f300000| Untracked 
|  38|0x000000008f400000, 0x000000008f500000, 0x000000008f500000|100%| O|  |TAMS 0x000000008f500000, 0x000000008f400000| Untracked 
|  39|0x000000008f500000, 0x000000008f600000, 0x000000008f600000|100%| O|  |TAMS 0x000000008f600000, 0x000000008f500000| Untracked 
|  40|0x000000008f600000, 0x000000008f700000, 0x000000008f700000|100%| O|  |TAMS 0x000000008f700000, 0x000000008f600000| Untracked 
|  41|0x000000008f700000, 0x000000008f800000, 0x000000008f800000|100%| O|  |TAMS 0x000000008f800000, 0x000000008f700000| Untracked 
|  42|0x000000008f800000, 0x000000008f900000, 0x000000008f900000|100%| O|  |TAMS 0x000000008f900000, 0x000000008f800000| Untracked 
|  43|0x000000008f900000, 0x000000008fa00000, 0x000000008fa00000|100%| O|  |TAMS 0x000000008fa00000, 0x000000008f900000| Untracked 
|  44|0x000000008fa00000, 0x000000008fb00000, 0x000000008fb00000|100%| O|  |TAMS 0x000000008fb00000, 0x000000008fa00000| Untracked 
|  45|0x000000008fb00000, 0x000000008fc00000, 0x000000008fc00000|100%| O|  |TAMS 0x000000008fc00000, 0x000000008fb00000| Untracked 
|  46|0x000000008fc00000, 0x000000008fd00000, 0x000000008fd00000|100%| O|  |TAMS 0x000000008fd00000, 0x000000008fc00000| Untracked 
|  47|0x000000008fd00000, 0x000000008fe00000, 0x000000008fe00000|100%| O|  |TAMS 0x000000008fe00000, 0x000000008fd00000| Untracked 
|  48|0x000000008fe00000, 0x000000008ff00000, 0x000000008ff00000|100%| O|  |TAMS 0x000000008ff00000, 0x000000008fe00000| Untracked 
|  49|0x000000008ff00000, 0x0000000090000000, 0x0000000090000000|100%| O|  |TAMS 0x0000000090000000, 0x000000008ff00000| Untracked 
|  50|0x0000000090000000, 0x0000000090100000, 0x0000000090100000|100%| O|  |TAMS 0x0000000090100000, 0x0000000090000000| Untracked 
|  51|0x0000000090100000, 0x0000000090200000, 0x0000000090200000|100%| O|  |TAMS 0x0000000090200000, 0x0000000090100000| Untracked 
|  52|0x0000000090200000, 0x0000000090300000, 0x0000000090300000|100%| O|  |TAMS 0x0000000090300000, 0x0000000090200000| Untracked 
|  53|0x0000000090300000, 0x0000000090400000, 0x0000000090400000|100%| O|  |TAMS 0x0000000090400000, 0x0000000090300000| Untracked 
|  54|0x0000000090400000, 0x0000000090500000, 0x0000000090500000|100%| O|  |TAMS 0x0000000090500000, 0x0000000090400000| Untracked 
|  55|0x0000000090500000, 0x0000000090600000, 0x0000000090600000|100%| O|  |TAMS 0x0000000090600000, 0x0000000090500000| Untracked 
|  56|0x0000000090600000, 0x0000000090700000, 0x0000000090700000|100%| O|  |TAMS 0x0000000090700000, 0x0000000090600000| Untracked 
|  57|0x0000000090700000, 0x0000000090800000, 0x0000000090800000|100%| O|  |TAMS 0x0000000090800000, 0x0000000090700000| Untracked 
|  58|0x0000000090800000, 0x0000000090900000, 0x0000000090900000|100%| O|  |TAMS 0x0000000090900000, 0x0000000090800000| Untracked 
|  59|0x0000000090900000, 0x0000000090a00000, 0x0000000090a00000|100%| O|  |TAMS 0x0000000090a00000, 0x0000000090900000| Complete 
|  60|0x0000000090a00000, 0x0000000090b00000, 0x0000000090b00000|100%| O|  |TAMS 0x0000000090b00000, 0x0000000090a00000| Untracked 
|  61|0x0000000090b00000, 0x0000000090c00000, 0x0000000090c00000|100%| O|  |TAMS 0x0000000090c00000, 0x0000000090b00000| Untracked 
|  62|0x0000000090c00000, 0x0000000090d00000, 0x0000000090d00000|100%| O|  |TAMS 0x0000000090d00000, 0x0000000090c00000| Untracked 
|  63|0x0000000090d00000, 0x0000000090e00000, 0x0000000090e00000|100%| O|  |TAMS 0x0000000090e00000, 0x0000000090d00000| Untracked 
|  64|0x0000000090e00000, 0x0000000090ea3000, 0x0000000090f00000| 63%| O|  |TAMS 0x0000000090ea3000, 0x0000000090e00000| Untracked 
|  65|0x0000000090f00000, 0x0000000090f00000, 0x0000000091000000|  0%| F|  |TAMS 0x0000000090f00000, 0x0000000090f00000| Untracked 
|  66|0x0000000091000000, 0x0000000091000000, 0x0000000091100000|  0%| F|  |TAMS 0x0000000091000000, 0x0000000091000000| Untracked 
|  67|0x0000000091100000, 0x0000000091100000, 0x0000000091200000|  0%| F|  |TAMS 0x0000000091100000, 0x0000000091100000| Untracked 
|  68|0x0000000091200000, 0x0000000091200000, 0x0000000091300000|  0%| F|  |TAMS 0x0000000091200000, 0x0000000091200000| Untracked 
|  69|0x0000000091300000, 0x0000000091300000, 0x0000000091400000|  0%| F|  |TAMS 0x0000000091300000, 0x0000000091300000| Untracked 
|  70|0x0000000091400000, 0x0000000091400000, 0x0000000091500000|  0%| F|  |TAMS 0x0000000091400000, 0x0000000091400000| Untracked 
|  71|0x0000000091500000, 0x0000000091500000, 0x0000000091600000|  0%| F|  |TAMS 0x0000000091500000, 0x0000000091500000| Untracked 
|  72|0x0000000091600000, 0x0000000091600000, 0x0000000091700000|  0%| F|  |TAMS 0x0000000091600000, 0x0000000091600000| Untracked 
|  73|0x0000000091700000, 0x0000000091700000, 0x0000000091800000|  0%| F|  |TAMS 0x0000000091700000, 0x0000000091700000| Untracked 
|  74|0x0000000091800000, 0x0000000091800000, 0x0000000091900000|  0%| F|  |TAMS 0x0000000091800000, 0x0000000091800000| Untracked 
|  75|0x0000000091900000, 0x0000000091900000, 0x0000000091a00000|  0%| F|  |TAMS 0x0000000091900000, 0x0000000091900000| Untracked 
|  76|0x0000000091a00000, 0x0000000091a00000, 0x0000000091b00000|  0%| F|  |TAMS 0x0000000091a00000, 0x0000000091a00000| Untracked 
|  77|0x0000000091b00000, 0x0000000091b00000, 0x0000000091c00000|  0%| F|  |TAMS 0x0000000091b00000, 0x0000000091b00000| Untracked 
|  78|0x0000000091c00000, 0x0000000091c00000, 0x0000000091d00000|  0%| F|  |TAMS 0x0000000091c00000, 0x0000000091c00000| Untracked 
|  79|0x0000000091d00000, 0x0000000091d00000, 0x0000000091e00000|  0%| F|  |TAMS 0x0000000091d00000, 0x0000000091d00000| Untracked 
|  80|0x0000000091e00000, 0x0000000091e00000, 0x0000000091f00000|  0%| F|  |TAMS 0x0000000091e00000, 0x0000000091e00000| Untracked 
|  81|0x0000000091f00000, 0x0000000091f00000, 0x0000000092000000|  0%| F|  |TAMS 0x0000000091f00000, 0x0000000091f00000| Untracked 
|  82|0x0000000092000000, 0x0000000092000000, 0x0000000092100000|  0%| F|  |TAMS 0x0000000092000000, 0x0000000092000000| Untracked 
|  83|0x0000000092100000, 0x0000000092131360, 0x0000000092200000| 19%| S|CS|TAMS 0x0000000092100000, 0x0000000092100000| Complete 
|  84|0x0000000092200000, 0x0000000092300000, 0x0000000092300000|100%| S|CS|TAMS 0x0000000092200000, 0x0000000092200000| Complete 
|  85|0x0000000092300000, 0x0000000092400000, 0x0000000092400000|100%| S|CS|TAMS 0x0000000092300000, 0x0000000092300000| Complete 
|  86|0x0000000092400000, 0x0000000092500000, 0x0000000092500000|100%| S|CS|TAMS 0x0000000092400000, 0x0000000092400000| Complete 
|  87|0x0000000092500000, 0x0000000092500000, 0x0000000092600000|  0%| F|  |TAMS 0x0000000092500000, 0x0000000092500000| Untracked 
|  88|0x0000000092600000, 0x0000000092600000, 0x0000000092700000|  0%| F|  |TAMS 0x0000000092600000, 0x0000000092600000| Untracked 
|  89|0x0000000092700000, 0x0000000092700000, 0x0000000092800000|  0%| F|  |TAMS 0x0000000092700000, 0x0000000092700000| Untracked 
|  90|0x0000000092800000, 0x0000000092800000, 0x0000000092900000|  0%| F|  |TAMS 0x0000000092800000, 0x0000000092800000| Untracked 
|  91|0x0000000092900000, 0x0000000092900000, 0x0000000092a00000|  0%| F|  |TAMS 0x0000000092900000, 0x0000000092900000| Untracked 
|  92|0x0000000092a00000, 0x0000000092a00000, 0x0000000092b00000|  0%| F|  |TAMS 0x0000000092a00000, 0x0000000092a00000| Untracked 
|  93|0x0000000092b00000, 0x0000000092b00000, 0x0000000092c00000|  0%| F|  |TAMS 0x0000000092b00000, 0x0000000092b00000| Untracked 
|  94|0x0000000092c00000, 0x0000000092c00000, 0x0000000092d00000|  0%| F|  |TAMS 0x0000000092c00000, 0x0000000092c00000| Untracked 
|  95|0x0000000092d00000, 0x0000000092d00000, 0x0000000092e00000|  0%| F|  |TAMS 0x0000000092d00000, 0x0000000092d00000| Untracked 
|  96|0x0000000092e00000, 0x0000000092e00000, 0x0000000092f00000|  0%| F|  |TAMS 0x0000000092e00000, 0x0000000092e00000| Untracked 
|  97|0x0000000092f00000, 0x0000000092f00000, 0x0000000093000000|  0%| F|  |TAMS 0x0000000092f00000, 0x0000000092f00000| Untracked 
|  98|0x0000000093000000, 0x0000000093000000, 0x0000000093100000|  0%| F|  |TAMS 0x0000000093000000, 0x0000000093000000| Untracked 
|  99|0x0000000093100000, 0x0000000093100000, 0x0000000093200000|  0%| F|  |TAMS 0x0000000093100000, 0x0000000093100000| Untracked 
| 100|0x0000000093200000, 0x0000000093200000, 0x0000000093300000|  0%| F|  |TAMS 0x0000000093200000, 0x0000000093200000| Untracked 
| 101|0x0000000093300000, 0x0000000093300000, 0x0000000093400000|  0%| F|  |TAMS 0x0000000093300000, 0x0000000093300000| Untracked 
| 102|0x0000000093400000, 0x0000000093400000, 0x0000000093500000|  0%| F|  |TAMS 0x0000000093400000, 0x0000000093400000| Untracked 
| 103|0x0000000093500000, 0x0000000093500000, 0x0000000093600000|  0%| F|  |TAMS 0x0000000093500000, 0x0000000093500000| Untracked 
| 104|0x0000000093600000, 0x0000000093600000, 0x0000000093700000|  0%| F|  |TAMS 0x0000000093600000, 0x0000000093600000| Untracked 
| 105|0x0000000093700000, 0x0000000093700000, 0x0000000093800000|  0%| F|  |TAMS 0x0000000093700000, 0x0000000093700000| Untracked 
| 106|0x0000000093800000, 0x0000000093800000, 0x0000000093900000|  0%| F|  |TAMS 0x0000000093800000, 0x0000000093800000| Untracked 
| 107|0x0000000093900000, 0x0000000093900000, 0x0000000093a00000|  0%| F|  |TAMS 0x0000000093900000, 0x0000000093900000| Untracked 
| 108|0x0000000093a00000, 0x0000000093a00000, 0x0000000093b00000|  0%| F|  |TAMS 0x0000000093a00000, 0x0000000093a00000| Untracked 
| 109|0x0000000093b00000, 0x0000000093b00000, 0x0000000093c00000|  0%| F|  |TAMS 0x0000000093b00000, 0x0000000093b00000| Untracked 
| 110|0x0000000093c00000, 0x0000000093c00000, 0x0000000093d00000|  0%| F|  |TAMS 0x0000000093c00000, 0x0000000093c00000| Untracked 
| 111|0x0000000093d00000, 0x0000000093d00000, 0x0000000093e00000|  0%| F|  |TAMS 0x0000000093d00000, 0x0000000093d00000| Untracked 
| 112|0x0000000093e00000, 0x0000000093e00000, 0x0000000093f00000|  0%| F|  |TAMS 0x0000000093e00000, 0x0000000093e00000| Untracked 
| 113|0x0000000093f00000, 0x0000000093f00000, 0x0000000094000000|  0%| F|  |TAMS 0x0000000093f00000, 0x0000000093f00000| Untracked 
| 114|0x0000000094000000, 0x0000000094000000, 0x0000000094100000|  0%| F|  |TAMS 0x0000000094000000, 0x0000000094000000| Untracked 
| 115|0x0000000094100000, 0x0000000094100000, 0x0000000094200000|  0%| F|  |TAMS 0x0000000094100000, 0x0000000094100000| Untracked 
| 116|0x0000000094200000, 0x0000000094200000, 0x0000000094300000|  0%| F|  |TAMS 0x0000000094200000, 0x0000000094200000| Untracked 
| 117|0x0000000094300000, 0x0000000094300000, 0x0000000094400000|  0%| F|  |TAMS 0x0000000094300000, 0x0000000094300000| Untracked 
| 118|0x0000000094400000, 0x0000000094400000, 0x0000000094500000|  0%| F|  |TAMS 0x0000000094400000, 0x0000000094400000| Untracked 
| 119|0x0000000094500000, 0x0000000094500000, 0x0000000094600000|  0%| F|  |TAMS 0x0000000094500000, 0x0000000094500000| Untracked 
| 120|0x0000000094600000, 0x0000000094600000, 0x0000000094700000|  0%| F|  |TAMS 0x0000000094600000, 0x0000000094600000| Untracked 
| 121|0x0000000094700000, 0x0000000094700000, 0x0000000094800000|  0%| F|  |TAMS 0x0000000094700000, 0x0000000094700000| Untracked 
| 122|0x0000000094800000, 0x0000000094800000, 0x0000000094900000|  0%| F|  |TAMS 0x0000000094800000, 0x0000000094800000| Untracked 
| 123|0x0000000094900000, 0x0000000094900000, 0x0000000094a00000|  0%| F|  |TAMS 0x0000000094900000, 0x0000000094900000| Untracked 
| 124|0x0000000094a00000, 0x0000000094a00000, 0x0000000094b00000|  0%| F|  |TAMS 0x0000000094a00000, 0x0000000094a00000| Untracked 
| 125|0x0000000094b00000, 0x0000000094b00000, 0x0000000094c00000|  0%| F|  |TAMS 0x0000000094b00000, 0x0000000094b00000| Untracked 
| 126|0x0000000094c00000, 0x0000000094c00000, 0x0000000094d00000|  0%| F|  |TAMS 0x0000000094c00000, 0x0000000094c00000| Untracked 
| 127|0x0000000094d00000, 0x0000000094d00000, 0x0000000094e00000|  0%| F|  |TAMS 0x0000000094d00000, 0x0000000094d00000| Untracked 
| 128|0x0000000094e00000, 0x0000000094e00000, 0x0000000094f00000|  0%| F|  |TAMS 0x0000000094e00000, 0x0000000094e00000| Untracked 
| 129|0x0000000094f00000, 0x0000000094f00000, 0x0000000095000000|  0%| F|  |TAMS 0x0000000094f00000, 0x0000000094f00000| Untracked 
| 130|0x0000000095000000, 0x0000000095000000, 0x0000000095100000|  0%| F|  |TAMS 0x0000000095000000, 0x0000000095000000| Untracked 
| 131|0x0000000095100000, 0x0000000095100000, 0x0000000095200000|  0%| F|  |TAMS 0x0000000095100000, 0x0000000095100000| Untracked 
| 132|0x0000000095200000, 0x0000000095200000, 0x0000000095300000|  0%| F|  |TAMS 0x0000000095200000, 0x0000000095200000| Untracked 
| 133|0x0000000095300000, 0x0000000095300000, 0x0000000095400000|  0%| F|  |TAMS 0x0000000095300000, 0x0000000095300000| Untracked 
| 134|0x0000000095400000, 0x0000000095400000, 0x0000000095500000|  0%| F|  |TAMS 0x0000000095400000, 0x0000000095400000| Untracked 
| 135|0x0000000095500000, 0x0000000095500000, 0x0000000095600000|  0%| F|  |TAMS 0x0000000095500000, 0x0000000095500000| Untracked 
| 136|0x0000000095600000, 0x0000000095600000, 0x0000000095700000|  0%| F|  |TAMS 0x0000000095600000, 0x0000000095600000| Untracked 
| 137|0x0000000095700000, 0x0000000095700000, 0x0000000095800000|  0%| F|  |TAMS 0x0000000095700000, 0x0000000095700000| Untracked 
| 138|0x0000000095800000, 0x0000000095800000, 0x0000000095900000|  0%| F|  |TAMS 0x0000000095800000, 0x0000000095800000| Untracked 
| 139|0x0000000095900000, 0x0000000095900000, 0x0000000095a00000|  0%| F|  |TAMS 0x0000000095900000, 0x0000000095900000| Untracked 
| 140|0x0000000095a00000, 0x0000000095a00000, 0x0000000095b00000|  0%| F|  |TAMS 0x0000000095a00000, 0x0000000095a00000| Untracked 
| 141|0x0000000095b00000, 0x0000000095b00000, 0x0000000095c00000|  0%| F|  |TAMS 0x0000000095b00000, 0x0000000095b00000| Untracked 
| 142|0x0000000095c00000, 0x0000000095c00000, 0x0000000095d00000|  0%| F|  |TAMS 0x0000000095c00000, 0x0000000095c00000| Untracked 
| 143|0x0000000095d00000, 0x0000000095d00000, 0x0000000095e00000|  0%| F|  |TAMS 0x0000000095d00000, 0x0000000095d00000| Untracked 
| 144|0x0000000095e00000, 0x0000000095e00000, 0x0000000095f00000|  0%| F|  |TAMS 0x0000000095e00000, 0x0000000095e00000| Untracked 
| 145|0x0000000095f00000, 0x0000000095f00000, 0x0000000096000000|  0%| F|  |TAMS 0x0000000095f00000, 0x0000000095f00000| Untracked 
| 146|0x0000000096000000, 0x0000000096000000, 0x0000000096100000|  0%| F|  |TAMS 0x0000000096000000, 0x0000000096000000| Untracked 
| 147|0x0000000096100000, 0x0000000096100000, 0x0000000096200000|  0%| F|  |TAMS 0x0000000096100000, 0x0000000096100000| Untracked 
| 148|0x0000000096200000, 0x0000000096200000, 0x0000000096300000|  0%| F|  |TAMS 0x0000000096200000, 0x0000000096200000| Untracked 
| 149|0x0000000096300000, 0x0000000096300000, 0x0000000096400000|  0%| F|  |TAMS 0x0000000096300000, 0x0000000096300000| Untracked 
| 150|0x0000000096400000, 0x0000000096400000, 0x0000000096500000|  0%| F|  |TAMS 0x0000000096400000, 0x0000000096400000| Untracked 
| 151|0x0000000096500000, 0x0000000096500000, 0x0000000096600000|  0%| F|  |TAMS 0x0000000096500000, 0x0000000096500000| Untracked 
| 152|0x0000000096600000, 0x0000000096600000, 0x0000000096700000|  0%| F|  |TAMS 0x0000000096600000, 0x0000000096600000| Untracked 
| 153|0x0000000096700000, 0x0000000096700000, 0x0000000096800000|  0%| F|  |TAMS 0x0000000096700000, 0x0000000096700000| Untracked 
| 154|0x0000000096800000, 0x0000000096800000, 0x0000000096900000|  0%| F|  |TAMS 0x0000000096800000, 0x0000000096800000| Untracked 
| 155|0x0000000096900000, 0x0000000096900000, 0x0000000096a00000|  0%| F|  |TAMS 0x0000000096900000, 0x0000000096900000| Untracked 
| 156|0x0000000096a00000, 0x0000000096a00000, 0x0000000096b00000|  0%| F|  |TAMS 0x0000000096a00000, 0x0000000096a00000| Untracked 
| 157|0x0000000096b00000, 0x0000000096b00000, 0x0000000096c00000|  0%| F|  |TAMS 0x0000000096b00000, 0x0000000096b00000| Untracked 
| 158|0x0000000096c00000, 0x0000000096c00000, 0x0000000096d00000|  0%| F|  |TAMS 0x0000000096c00000, 0x0000000096c00000| Untracked 
| 159|0x0000000096d00000, 0x0000000096d00000, 0x0000000096e00000|  0%| F|  |TAMS 0x0000000096d00000, 0x0000000096d00000| Untracked 
| 160|0x0000000096e00000, 0x0000000096e00000, 0x0000000096f00000|  0%| F|  |TAMS 0x0000000096e00000, 0x0000000096e00000| Untracked 
| 161|0x0000000096f00000, 0x0000000096f00000, 0x0000000097000000|  0%| F|  |TAMS 0x0000000096f00000, 0x0000000096f00000| Untracked 
| 162|0x0000000097000000, 0x0000000097000000, 0x0000000097100000|  0%| F|  |TAMS 0x0000000097000000, 0x0000000097000000| Untracked 
| 163|0x0000000097100000, 0x0000000097100000, 0x0000000097200000|  0%| F|  |TAMS 0x0000000097100000, 0x0000000097100000| Untracked 
| 164|0x0000000097200000, 0x0000000097200000, 0x0000000097300000|  0%| F|  |TAMS 0x0000000097200000, 0x0000000097200000| Untracked 
| 165|0x0000000097300000, 0x0000000097300000, 0x0000000097400000|  0%| F|  |TAMS 0x0000000097300000, 0x0000000097300000| Untracked 
| 166|0x0000000097400000, 0x0000000097400000, 0x0000000097500000|  0%| F|  |TAMS 0x0000000097400000, 0x0000000097400000| Untracked 
| 167|0x0000000097500000, 0x0000000097500000, 0x0000000097600000|  0%| F|  |TAMS 0x0000000097500000, 0x0000000097500000| Untracked 
| 168|0x0000000097600000, 0x0000000097600000, 0x0000000097700000|  0%| F|  |TAMS 0x0000000097600000, 0x0000000097600000| Untracked 
| 169|0x0000000097700000, 0x0000000097700000, 0x0000000097800000|  0%| F|  |TAMS 0x0000000097700000, 0x0000000097700000| Untracked 
| 170|0x0000000097800000, 0x0000000097800000, 0x0000000097900000|  0%| F|  |TAMS 0x0000000097800000, 0x0000000097800000| Untracked 
| 171|0x0000000097900000, 0x0000000097900000, 0x0000000097a00000|  0%| F|  |TAMS 0x0000000097900000, 0x0000000097900000| Untracked 
| 172|0x0000000097a00000, 0x0000000097a00000, 0x0000000097b00000|  0%| F|  |TAMS 0x0000000097a00000, 0x0000000097a00000| Untracked 
| 173|0x0000000097b00000, 0x0000000097b00000, 0x0000000097c00000|  0%| F|  |TAMS 0x0000000097b00000, 0x0000000097b00000| Untracked 
| 174|0x0000000097c00000, 0x0000000097c00000, 0x0000000097d00000|  0%| F|  |TAMS 0x0000000097c00000, 0x0000000097c00000| Untracked 
| 175|0x0000000097d00000, 0x0000000097d00000, 0x0000000097e00000|  0%| F|  |TAMS 0x0000000097d00000, 0x0000000097d00000| Untracked 
| 176|0x0000000097e00000, 0x0000000097e00000, 0x0000000097f00000|  0%| F|  |TAMS 0x0000000097e00000, 0x0000000097e00000| Untracked 
| 177|0x0000000097f00000, 0x0000000097f00000, 0x0000000098000000|  0%| F|  |TAMS 0x0000000097f00000, 0x0000000097f00000| Untracked 
| 178|0x0000000098000000, 0x0000000098000000, 0x0000000098100000|  0%| F|  |TAMS 0x0000000098000000, 0x0000000098000000| Untracked 
| 179|0x0000000098100000, 0x0000000098100000, 0x0000000098200000|  0%| F|  |TAMS 0x0000000098100000, 0x0000000098100000| Untracked 
| 180|0x0000000098200000, 0x0000000098200000, 0x0000000098300000|  0%| F|  |TAMS 0x0000000098200000, 0x0000000098200000| Untracked 
| 181|0x0000000098300000, 0x0000000098300000, 0x0000000098400000|  0%| F|  |TAMS 0x0000000098300000, 0x0000000098300000| Untracked 
| 182|0x0000000098400000, 0x0000000098400000, 0x0000000098500000|  0%| F|  |TAMS 0x0000000098400000, 0x0000000098400000| Untracked 
| 183|0x0000000098500000, 0x0000000098500000, 0x0000000098600000|  0%| F|  |TAMS 0x0000000098500000, 0x0000000098500000| Untracked 
| 184|0x0000000098600000, 0x0000000098600000, 0x0000000098700000|  0%| F|  |TAMS 0x0000000098600000, 0x0000000098600000| Untracked 
| 185|0x0000000098700000, 0x0000000098700000, 0x0000000098800000|  0%| F|  |TAMS 0x0000000098700000, 0x0000000098700000| Untracked 
| 186|0x0000000098800000, 0x0000000098800000, 0x0000000098900000|  0%| F|  |TAMS 0x0000000098800000, 0x0000000098800000| Untracked 
| 187|0x0000000098900000, 0x0000000098900000, 0x0000000098a00000|  0%| F|  |TAMS 0x0000000098900000, 0x0000000098900000| Untracked 
| 188|0x0000000098a00000, 0x0000000098a00000, 0x0000000098b00000|  0%| F|  |TAMS 0x0000000098a00000, 0x0000000098a00000| Untracked 
| 189|0x0000000098b00000, 0x0000000098b00000, 0x0000000098c00000|  0%| F|  |TAMS 0x0000000098b00000, 0x0000000098b00000| Untracked 
| 190|0x0000000098c00000, 0x0000000098c00000, 0x0000000098d00000|  0%| F|  |TAMS 0x0000000098c00000, 0x0000000098c00000| Untracked 
| 191|0x0000000098d00000, 0x0000000098d00000, 0x0000000098e00000|  0%| F|  |TAMS 0x0000000098d00000, 0x0000000098d00000| Untracked 
| 192|0x0000000098e00000, 0x0000000098e80800, 0x0000000098f00000| 50%| E|  |TAMS 0x0000000098e00000, 0x0000000098e00000| Complete 
| 193|0x0000000098f00000, 0x0000000099000000, 0x0000000099000000|100%| E|CS|TAMS 0x0000000098f00000, 0x0000000098f00000| Complete 
| 194|0x0000000099000000, 0x0000000099100000, 0x0000000099100000|100%| E|CS|TAMS 0x0000000099000000, 0x0000000099000000| Complete 
| 195|0x0000000099100000, 0x0000000099200000, 0x0000000099200000|100%| E|CS|TAMS 0x0000000099100000, 0x0000000099100000| Complete 
| 196|0x0000000099200000, 0x0000000099300000, 0x0000000099300000|100%| E|CS|TAMS 0x0000000099200000, 0x0000000099200000| Complete 
| 197|0x0000000099300000, 0x0000000099400000, 0x0000000099400000|100%| E|CS|TAMS 0x0000000099300000, 0x0000000099300000| Complete 
| 198|0x0000000099400000, 0x0000000099500000, 0x0000000099500000|100%| E|CS|TAMS 0x0000000099400000, 0x0000000099400000| Complete 
| 199|0x0000000099500000, 0x0000000099600000, 0x0000000099600000|100%| E|CS|TAMS 0x0000000099500000, 0x0000000099500000| Complete 
| 200|0x0000000099600000, 0x0000000099700000, 0x0000000099700000|100%| E|CS|TAMS 0x0000000099600000, 0x0000000099600000| Complete 
| 201|0x0000000099700000, 0x0000000099800000, 0x0000000099800000|100%| E|CS|TAMS 0x0000000099700000, 0x0000000099700000| Complete 
| 202|0x0000000099800000, 0x0000000099900000, 0x0000000099900000|100%| E|CS|TAMS 0x0000000099800000, 0x0000000099800000| Complete 
| 203|0x0000000099900000, 0x0000000099a00000, 0x0000000099a00000|100%| E|CS|TAMS 0x0000000099900000, 0x0000000099900000| Complete 
| 204|0x0000000099a00000, 0x0000000099b00000, 0x0000000099b00000|100%| E|CS|TAMS 0x0000000099a00000, 0x0000000099a00000| Complete 
| 205|0x0000000099b00000, 0x0000000099c00000, 0x0000000099c00000|100%| E|CS|TAMS 0x0000000099b00000, 0x0000000099b00000| Complete 
| 206|0x0000000099c00000, 0x0000000099d00000, 0x0000000099d00000|100%| E|CS|TAMS 0x0000000099c00000, 0x0000000099c00000| Complete 
| 207|0x0000000099d00000, 0x0000000099e00000, 0x0000000099e00000|100%| E|CS|TAMS 0x0000000099d00000, 0x0000000099d00000| Complete 
| 208|0x0000000099e00000, 0x0000000099f00000, 0x0000000099f00000|100%| E|CS|TAMS 0x0000000099e00000, 0x0000000099e00000| Complete 
| 209|0x0000000099f00000, 0x000000009a000000, 0x000000009a000000|100%| E|CS|TAMS 0x0000000099f00000, 0x0000000099f00000| Complete 
| 210|0x000000009a000000, 0x000000009a100000, 0x000000009a100000|100%| E|CS|TAMS 0x000000009a000000, 0x000000009a000000| Complete 
| 211|0x000000009a100000, 0x000000009a200000, 0x000000009a200000|100%| E|CS|TAMS 0x000000009a100000, 0x000000009a100000| Complete 
| 212|0x000000009a200000, 0x000000009a300000, 0x000000009a300000|100%| E|CS|TAMS 0x000000009a200000, 0x000000009a200000| Complete 
| 213|0x000000009a300000, 0x000000009a400000, 0x000000009a400000|100%| E|CS|TAMS 0x000000009a300000, 0x000000009a300000| Complete 
| 214|0x000000009a400000, 0x000000009a500000, 0x000000009a500000|100%| E|CS|TAMS 0x000000009a400000, 0x000000009a400000| Complete 
| 215|0x000000009a500000, 0x000000009a600000, 0x000000009a600000|100%| E|CS|TAMS 0x000000009a500000, 0x000000009a500000| Complete 
| 216|0x000000009a600000, 0x000000009a700000, 0x000000009a700000|100%| E|CS|TAMS 0x000000009a600000, 0x000000009a600000| Complete 
| 217|0x000000009a700000, 0x000000009a800000, 0x000000009a800000|100%| E|CS|TAMS 0x000000009a700000, 0x000000009a700000| Complete 
| 218|0x000000009a800000, 0x000000009a900000, 0x000000009a900000|100%| E|CS|TAMS 0x000000009a800000, 0x000000009a800000| Complete 
| 219|0x000000009a900000, 0x000000009aa00000, 0x000000009aa00000|100%| E|CS|TAMS 0x000000009a900000, 0x000000009a900000| Complete 
| 220|0x000000009aa00000, 0x000000009ab00000, 0x000000009ab00000|100%| E|CS|TAMS 0x000000009aa00000, 0x000000009aa00000| Complete 
| 221|0x000000009ab00000, 0x000000009ac00000, 0x000000009ac00000|100%| E|CS|TAMS 0x000000009ab00000, 0x000000009ab00000| Complete 
| 222|0x000000009ac00000, 0x000000009ad00000, 0x000000009ad00000|100%| E|CS|TAMS 0x000000009ac00000, 0x000000009ac00000| Complete 
| 223|0x000000009ad00000, 0x000000009ae00000, 0x000000009ae00000|100%| E|CS|TAMS 0x000000009ad00000, 0x000000009ad00000| Complete 
| 224|0x000000009ae00000, 0x000000009af00000, 0x000000009af00000|100%| E|CS|TAMS 0x000000009ae00000, 0x000000009ae00000| Complete 
| 225|0x000000009af00000, 0x000000009b000000, 0x000000009b000000|100%| E|CS|TAMS 0x000000009af00000, 0x000000009af00000| Complete 
| 226|0x000000009b000000, 0x000000009b100000, 0x000000009b100000|100%| E|CS|TAMS 0x000000009b000000, 0x000000009b000000| Complete 

Card table byte_map: [0x00000218b7380000,0x00000218b7720000] _byte_map_base: 0x00000218b6f19000

Marking Bits (Prev, Next): (CMBitMap*) 0x00000218a2d5f500, (CMBitMap*) 0x00000218a2d5f540
 Prev Bits: [0x00000218b7ac0000, 0x00000218b9788000)
 Next Bits: [0x00000218b9790000, 0x00000218bb458000)

Polling page: 0x00000218a7990000

Metaspace:

Usage:
  Non-class:     67.08 MB used.
      Class:      8.58 MB used.
       Both:     75.67 MB used.

Virtual space:
  Non-class space:       72.00 MB reserved,      67.25 MB ( 93%) committed,  9 nodes.
      Class space:        1.00 GB reserved,       8.75 MB ( <1%) committed,  1 nodes.
             Both:        1.07 GB reserved,      76.00 MB (  7%) committed. 

Chunk freelists:
   Non-Class:  192.00 KB
       Class:  3.27 MB
        Both:  3.45 MB

MaxMetaspaceSize: unlimited
CompressedClassSpaceSize: 1.00 GB
Initial GC threshold: 21.00 MB
Current GC threshold: 118.12 MB
CDS: off
MetaspaceReclaimPolicy: balanced
 - commit_granule_bytes: 65536.
 - commit_granule_words: 8192.
 - virtual_space_node_default_size: 1048576.
 - enlarge_chunks_in_place: 1.
 - new_chunks_are_fully_committed: 0.
 - uncommit_free_chunks: 1.
 - use_allocation_guard: 0.
 - handle_deallocations: 1.


Internal statistics:

num_allocs_failed_limit: 3.
num_arena_births: 426.
num_arena_deaths: 0.
num_vsnodes_births: 10.
num_vsnodes_deaths: 0.
num_space_committed: 1214.
num_space_uncommitted: 0.
num_chunks_returned_to_freelist: 3.
num_chunks_taken_from_freelist: 2862.
num_chunk_merges: 3.
num_chunk_splits: 2299.
num_chunks_enlarged: 1991.
num_purges: 0.
num_inconsistent_stats: 0.

CodeHeap 'non-profiled nmethods': size=120000Kb used=4372Kb max_used=4372Kb free=115627Kb
 bounds [0x00000218af480000, 0x00000218af8d0000, 0x00000218b69b0000]
CodeHeap 'profiled nmethods': size=120000Kb used=26850Kb max_used=26850Kb free=93149Kb
 bounds [0x00000218a79b0000, 0x00000218a93f0000, 0x00000218aeee0000]
CodeHeap 'non-nmethods': size=5760Kb used=1395Kb max_used=1430Kb free=4364Kb
 bounds [0x00000218aeee0000, 0x00000218af150000, 0x00000218af480000]
 total_blobs=10518 nmethods=9790 adapters=637
 compilation: enabled
              stopped_count=0, restarted_count=0
 full_count=0

Compilation events (20 events):
Event: 48.315 Thread 0x00000218be4190a0 nmethod 10811 0x00000218a9347090 code [0x00000218a93473c0, 0x00000218a93484e8]
Event: 48.315 Thread 0x00000218be4190a0 10812       3       org.jetbrains.kotlin.backend.jvm.lower.JvmArgumentNullabilityAssertionsLowering::visitDeclaration (21 bytes)
Event: 48.317 Thread 0x00000218be4190a0 nmethod 10812 0x00000218a9348b10 code [0x00000218a9348e20, 0x00000218a9349e08]
Event: 48.317 Thread 0x00000218be4190a0 10813       3       org.jetbrains.kotlin.backend.jvm.lower.JvmArgumentNullabilityAssertionsLowering::visitValueParameter (10 bytes)
Event: 48.319 Thread 0x00000218be4190a0 nmethod 10813 0x00000218a934a390 code [0x00000218a934a6c0, 0x00000218a934b838]
Event: 48.319 Thread 0x00000218be4190a0 10814       3       org.jetbrains.kotlin.backend.jvm.lower.JvmArgumentNullabilityAssertionsLowering::visitValueParameter (7 bytes)
Event: 48.322 Thread 0x00000218be4190a0 nmethod 10814 0x00000218a934be90 code [0x00000218a934c200, 0x00000218a934d508]
Event: 48.322 Thread 0x00000218be4190a0 10818       2       org.jetbrains.kotlin.ir.declarations.IrFunction::acceptChildren (183 bytes)
Event: 48.325 Thread 0x00000218be4190a0 nmethod 10818 0x00000218a934dc10 code [0x00000218a934e000, 0x00000218a934edf8]
Event: 48.325 Thread 0x00000218be4190a0 10815       3       org.jetbrains.kotlin.backend.jvm.lower.JvmArgumentNullabilityAssertionsLowering::visitFunction (10 bytes)
Event: 48.327 Thread 0x00000218be4190a0 nmethod 10815 0x00000218a934f710 code [0x00000218a934fa40, 0x00000218a9350bb8]
Event: 48.327 Thread 0x00000218be4190a0 10816       3       org.jetbrains.kotlin.backend.jvm.lower.JvmArgumentNullabilityAssertionsLowering::visitFunction (7 bytes)
Event: 48.330 Thread 0x00000218be4190a0 nmethod 10816 0x00000218a9351210 code [0x00000218a9351580, 0x00000218a9352888]
Event: 48.330 Thread 0x00000218be4190a0 10817       3       org.jetbrains.kotlin.backend.jvm.lower.JvmArgumentNullabilityAssertionsLowering::visitSimpleFunction (10 bytes)
Event: 48.331 Thread 0x00000218be4190a0 nmethod 10817 0x00000218a9352f90 code [0x00000218a9353200, 0x00000218a9353bf8]
Event: 48.331 Thread 0x00000218be4190a0 10822       1       org.jetbrains.kotlin.backend.jvm.JvmBackendContext::getIrBuiltIns (5 bytes)
Event: 48.331 Thread 0x00000218be4190a0 nmethod 10822 0x00000218af8bb290 code [0x00000218af8bb420, 0x00000218af8bb4f8]
Event: 48.331 Thread 0x00000218be4190a0 10820       3       org.jetbrains.kotlin.ir.types.impl.IrAbstractSimpleType::hashCode (33 bytes)
Event: 48.333 Thread 0x00000218be4190a0 nmethod 10820 0x00000218a9353f90 code [0x00000218a9354200, 0x00000218a9354bd8]
Event: 48.333 Thread 0x00000218be4190a0 10821       3       org.jetbrains.kotlin.ir.symbols.FqNameEqualityChecker::getHashCode (28 bytes)

GC Heap History (20 events):
Event: 24.129 GC heap before
{Heap before GC invocations=24 (full 0):
 garbage-first heap   total 70656K, used 53842K [0x000000008ce00000, 0x0000000100000000)
  region size 1024K, 15 young (15360K), 2 survivors (2048K)
 Metaspace       used 52722K, committed 52928K, reserved 1097728K
  class space    used 6298K, committed 6400K, reserved 1048576K
}
Event: 24.146 GC heap after
{Heap after GC invocations=25 (full 0):
 garbage-first heap   total 70656K, used 42366K [0x000000008ce00000, 0x0000000100000000)
  region size 1024K, 2 young (2048K), 2 survivors (2048K)
 Metaspace       used 52722K, committed 52928K, reserved 1097728K
  class space    used 6298K, committed 6400K, reserved 1048576K
}
Event: 25.029 GC heap before
{Heap before GC invocations=26 (full 0):
 garbage-first heap   total 75776K, used 54654K [0x000000008ce00000, 0x0000000100000000)
  region size 1024K, 14 young (14336K), 2 survivors (2048K)
 Metaspace       used 53288K, committed 53504K, reserved 1097728K
  class space    used 6364K, committed 6464K, reserved 1048576K
}
Event: 25.040 GC heap after
{Heap after GC invocations=27 (full 0):
 garbage-first heap   total 75776K, used 42184K [0x000000008ce00000, 0x0000000100000000)
  region size 1024K, 2 young (2048K), 2 survivors (2048K)
 Metaspace       used 53288K, committed 53504K, reserved 1097728K
  class space    used 6364K, committed 6464K, reserved 1048576K
}
Event: 25.103 GC heap before
{Heap before GC invocations=27 (full 0):
 garbage-first heap   total 75776K, used 43208K [0x000000008ce00000, 0x0000000100000000)
  region size 1024K, 3 young (3072K), 2 survivors (2048K)
 Metaspace       used 53583K, committed 53824K, reserved 1097728K
  class space    used 6399K, committed 6528K, reserved 1048576K
}
Event: 25.116 GC heap after
{Heap after GC invocations=28 (full 0):
 garbage-first heap   total 114688K, used 42217K [0x000000008ce00000, 0x0000000100000000)
  region size 1024K, 1 young (1024K), 1 survivors (1024K)
 Metaspace       used 53583K, committed 53824K, reserved 1097728K
  class space    used 6399K, committed 6528K, reserved 1048576K
}
Event: 29.367 GC heap before
{Heap before GC invocations=28 (full 0):
 garbage-first heap   total 114688K, used 82153K [0x000000008ce00000, 0x0000000100000000)
  region size 1024K, 40 young (40960K), 1 survivors (1024K)
 Metaspace       used 55948K, committed 56256K, reserved 1105920K
  class space    used 6560K, committed 6720K, reserved 1048576K
}
Event: 29.409 GC heap after
{Heap after GC invocations=29 (full 0):
 garbage-first heap   total 114688K, used 49051K [0x000000008ce00000, 0x0000000100000000)
  region size 1024K, 5 young (5120K), 5 survivors (5120K)
 Metaspace       used 55948K, committed 56256K, reserved 1105920K
  class space    used 6560K, committed 6720K, reserved 1048576K
}
Event: 32.783 GC heap before
{Heap before GC invocations=29 (full 0):
 garbage-first heap   total 114688K, used 82843K [0x000000008ce00000, 0x0000000100000000)
  region size 1024K, 38 young (38912K), 5 survivors (5120K)
 Metaspace       used 58417K, committed 58688K, reserved 1105920K
  class space    used 6808K, committed 6912K, reserved 1048576K
}
Event: 32.831 GC heap after
{Heap after GC invocations=30 (full 0):
 garbage-first heap   total 114688K, used 54218K [0x000000008ce00000, 0x0000000100000000)
  region size 1024K, 5 young (5120K), 5 survivors (5120K)
 Metaspace       used 58417K, committed 58688K, reserved 1105920K
  class space    used 6808K, committed 6912K, reserved 1048576K
}
Event: 37.183 GC heap before
{Heap before GC invocations=30 (full 0):
 garbage-first heap   total 114688K, used 85962K [0x000000008ce00000, 0x0000000100000000)
  region size 1024K, 36 young (36864K), 5 survivors (5120K)
 Metaspace       used 60231K, committed 60480K, reserved 1105920K
  class space    used 6933K, committed 7040K, reserved 1048576K
}
Event: 37.225 GC heap after
{Heap after GC invocations=31 (full 0):
 garbage-first heap   total 114688K, used 59101K [0x000000008ce00000, 0x0000000100000000)
  region size 1024K, 5 young (5120K), 5 survivors (5120K)
 Metaspace       used 60231K, committed 60480K, reserved 1105920K
  class space    used 6933K, committed 7040K, reserved 1048576K
}
Event: 40.273 GC heap before
{Heap before GC invocations=31 (full 0):
 garbage-first heap   total 114688K, used 87773K [0x000000008ce00000, 0x0000000100000000)
  region size 1024K, 33 young (33792K), 5 survivors (5120K)
 Metaspace       used 65546K, committed 65856K, reserved 1114112K
  class space    used 7461K, committed 7616K, reserved 1048576K
}
Event: 40.313 GC heap after
{Heap after GC invocations=32 (full 0):
 garbage-first heap   total 114688K, used 61892K [0x000000008ce00000, 0x0000000100000000)
  region size 1024K, 3 young (3072K), 3 survivors (3072K)
 Metaspace       used 65546K, committed 65856K, reserved 1114112K
  class space    used 7461K, committed 7616K, reserved 1048576K
}
Event: 43.828 GC heap before
{Heap before GC invocations=33 (full 0):
 garbage-first heap   total 114688K, used 89540K [0x000000008ce00000, 0x0000000100000000)
  region size 1024K, 31 young (31744K), 3 survivors (3072K)
 Metaspace       used 68832K, committed 69184K, reserved 1114112K
  class space    used 7838K, committed 8000K, reserved 1048576K
}
Event: 43.873 GC heap after
{Heap after GC invocations=34 (full 0):
 garbage-first heap   total 114688K, used 65421K [0x000000008ce00000, 0x0000000100000000)
  region size 1024K, 4 young (4096K), 4 survivors (4096K)
 Metaspace       used 68832K, committed 69184K, reserved 1114112K
  class space    used 7838K, committed 8000K, reserved 1048576K
}
Event: 43.937 GC heap before
{Heap before GC invocations=34 (full 0):
 garbage-first heap   total 114688K, used 66445K [0x000000008ce00000, 0x0000000100000000)
  region size 1024K, 5 young (5120K), 4 survivors (4096K)
 Metaspace       used 68841K, committed 69184K, reserved 1114112K
  class space    used 7838K, committed 8000K, reserved 1048576K
}
Event: 43.967 GC heap after
{Heap after GC invocations=35 (full 0):
 garbage-first heap   total 114688K, used 65913K [0x000000008ce00000, 0x0000000100000000)
  region size 1024K, 1 young (1024K), 1 survivors (1024K)
 Metaspace       used 68841K, committed 69184K, reserved 1114112K
  class space    used 7838K, committed 8000K, reserved 1048576K
}
Event: 45.826 GC heap before
{Heap before GC invocations=35 (full 0):
 garbage-first heap   total 114688K, used 89465K [0x000000008ce00000, 0x0000000100000000)
  region size 1024K, 25 young (25600K), 1 survivors (1024K)
 Metaspace       used 71557K, committed 71872K, reserved 1114112K
  class space    used 8163K, committed 8320K, reserved 1048576K
}
Event: 45.862 GC heap after
{Heap after GC invocations=36 (full 0):
 garbage-first heap   total 232448K, used 68432K [0x000000008ce00000, 0x0000000100000000)
  region size 1024K, 4 young (4096K), 4 survivors (4096K)
 Metaspace       used 71557K, committed 71872K, reserved 1114112K
  class space    used 8163K, committed 8320K, reserved 1048576K
}

Dll operation events (2 events):
Event: 0.019 Loaded shared library C:\Program Files\Android\Android Studio\jbr\bin\java.dll
Event: 4.317 Loaded shared library C:\Program Files\Android\Android Studio\jbr\bin\verify.dll

Deoptimization events (20 events):
Event: 48.208 Thread 0x00000218a2d08f90 Uncommon trap: trap_request=0xffffffde fr.pc=0x00000218af89a6b4 relative=0x0000000000000754
Event: 48.208 Thread 0x00000218a2d08f90 Uncommon trap: reason=class_check action=maybe_recompile pc=0x00000218af89a6b4 method=org.jetbrains.kotlin.ir.declarations.IrFunction.acceptChildren(Lorg/jetbrains/kotlin/ir/visitors/IrElementVisitor;Ljava/lang/Object;)V @ 174 c2
Event: 48.208 Thread 0x00000218a2d08f90 DEOPT PACKING pc=0x00000218af89a6b4 sp=0x000000a5fc9fa910
Event: 48.208 Thread 0x00000218a2d08f90 DEOPT UNPACKING pc=0x00000218aef369a3 sp=0x000000a5fc9fa878 mode 2
Event: 48.292 Thread 0x00000218a2d08f90 Uncommon trap: trap_request=0xffffffde fr.pc=0x00000218af8860a8 relative=0x00000000000012c8
Event: 48.292 Thread 0x00000218a2d08f90 Uncommon trap: reason=class_check action=maybe_recompile pc=0x00000218af8860a8 method=org.jetbrains.kotlin.ir.declarations.IrFunction.transformChildren(Lorg/jetbrains/kotlin/ir/visitors/IrElementTransformer;Ljava/lang/Object;)V @ 87 c2
Event: 48.292 Thread 0x00000218a2d08f90 DEOPT PACKING pc=0x00000218af8860a8 sp=0x000000a5fc9fa240
Event: 48.292 Thread 0x00000218a2d08f90 DEOPT UNPACKING pc=0x00000218aef369a3 sp=0x000000a5fc9fa240 mode 2
Event: 48.292 Thread 0x00000218a2d08f90 Uncommon trap: trap_request=0xffffffde fr.pc=0x00000218af8860a8 relative=0x00000000000012c8
Event: 48.292 Thread 0x00000218a2d08f90 Uncommon trap: reason=class_check action=maybe_recompile pc=0x00000218af8860a8 method=org.jetbrains.kotlin.ir.declarations.IrFunction.transformChildren(Lorg/jetbrains/kotlin/ir/visitors/IrElementTransformer;Ljava/lang/Object;)V @ 87 c2
Event: 48.292 Thread 0x00000218a2d08f90 DEOPT PACKING pc=0x00000218af8860a8 sp=0x000000a5fc9fc2c0
Event: 48.292 Thread 0x00000218a2d08f90 DEOPT UNPACKING pc=0x00000218aef369a3 sp=0x000000a5fc9fc2c0 mode 2
Event: 48.318 Thread 0x00000218a2d08f90 Uncommon trap: trap_request=0xffffffde fr.pc=0x00000218af89a6b4 relative=0x0000000000000754
Event: 48.318 Thread 0x00000218a2d08f90 Uncommon trap: reason=class_check action=maybe_recompile pc=0x00000218af89a6b4 method=org.jetbrains.kotlin.ir.declarations.IrFunction.acceptChildren(Lorg/jetbrains/kotlin/ir/visitors/IrElementVisitor;Ljava/lang/Object;)V @ 174 c2
Event: 48.318 Thread 0x00000218a2d08f90 DEOPT PACKING pc=0x00000218af89a6b4 sp=0x000000a5fc9f9740
Event: 48.318 Thread 0x00000218a2d08f90 DEOPT UNPACKING pc=0x00000218aef369a3 sp=0x000000a5fc9f96a8 mode 2
Event: 48.320 Thread 0x00000218a2d08f90 Uncommon trap: trap_request=0xffffffde fr.pc=0x00000218af89a6b4 relative=0x0000000000000754
Event: 48.320 Thread 0x00000218a2d08f90 Uncommon trap: reason=class_check action=maybe_recompile pc=0x00000218af89a6b4 method=org.jetbrains.kotlin.ir.declarations.IrFunction.acceptChildren(Lorg/jetbrains/kotlin/ir/visitors/IrElementVisitor;Ljava/lang/Object;)V @ 174 c2
Event: 48.320 Thread 0x00000218a2d08f90 DEOPT PACKING pc=0x00000218af89a6b4 sp=0x000000a5fc9fbef0
Event: 48.320 Thread 0x00000218a2d08f90 DEOPT UNPACKING pc=0x00000218aef369a3 sp=0x000000a5fc9fbe58 mode 2

Classes unloaded (0 events):
No events

Classes redefined (0 events):
No events

Internal exceptions (20 events):
Event: 25.758 Thread 0x00000218a2d08f90 Exception <a 'java/lang/NoSuchMethodError'{0x00000000939e3030}: 'java.lang.Object java.lang.invoke.DirectMethodHandle$Holder.invokeStaticInit(java.lang.Object, java.lang.Object, java.lang.Object)'> (0x00000000939e3030) 
thrown [s\src\hotspot\share\interpreter\linkResolver.cpp, line 771]
Event: 28.642 Thread 0x00000218a2d08f90 Exception <a 'java/lang/NoSuchMethodError'{0x0000000091d70b48}: 'java.lang.Object java.lang.invoke.DirectMethodHandle$Holder.newInvokeSpecial(java.lang.Object, int, java.lang.Object)'> (0x0000000091d70b48) 
thrown [s\src\hotspot\share\interpreter\linkResolver.cpp, line 771]
Event: 28.644 Thread 0x00000218a2d08f90 Exception <a 'java/lang/NoSuchMethodError'{0x0000000091d76ed8}: 'int java.lang.invoke.DirectMethodHandle$Holder.invokeInterface(java.lang.Object, java.lang.Object)'> (0x0000000091d76ed8) 
thrown [s\src\hotspot\share\interpreter\linkResolver.cpp, line 771]
Event: 28.687 Thread 0x00000218a2d08f90 Implicit null exception at 0x00000218af4d1c0e to 0x00000218af4d1e58
Event: 28.687 Thread 0x00000218a2d08f90 Implicit null exception at 0x00000218af4e100f to 0x00000218af4e1085
Event: 29.502 Thread 0x00000218a2d08f90 Exception <a 'java/lang/NoSuchMethodError'{0x0000000093cf1f40}: 'int java.lang.invoke.DirectMethodHandle$Holder.invokeStaticInit(java.lang.Object, int)'> (0x0000000093cf1f40) 
thrown [s\src\hotspot\share\interpreter\linkResolver.cpp, line 771]
Event: 29.967 Thread 0x00000218a2d08f90 Implicit null exception at 0x00000218af7328a9 to 0x00000218af732c58
Event: 30.721 Thread 0x00000218a2d08f90 Implicit null exception at 0x00000218af522a1a to 0x00000218af522b88
Event: 30.722 Thread 0x00000218a2d08f90 Implicit null exception at 0x00000218af4df9d8 to 0x00000218af4dfa6a
Event: 36.354 Thread 0x00000218a2d08f90 Exception <a 'java/lang/NoSuchMethodError'{0x0000000092357fd0}: 'java.lang.Object java.lang.invoke.DirectMethodHandle$Holder.newInvokeSpecial(java.lang.Object, java.lang.Object, java.lang.Object, java.lang.Object, java.lang.Object, java.lang.Object, java.lang.Object)'> (0x0000000092357fd0) 
thrown [s\src\hotspot\share\interpreter\linkResolver.cpp, line 771]
Event: 36.355 Thread 0x00000218a2d08f90 Exception <a 'java/lang/NoSuchMethodError'{0x000000009235cb88}: 'java.lang.Object java.lang.invoke.Invokers$Holder.linkToTargetMethod(java.lang.Object, java.lang.Object, java.lang.Object, java.lang.Object, java.lang.Object, java.lang.Object, java.lang.Object)'> (0x000000009235cb88) 
thrown [s\src\hotspot\share\interpreter\linkResolver.cpp, line 771]
Event: 36.867 Thread 0x00000218a2d08f90 Exception <a 'java/lang/NoSuchMethodError'{0x0000000092078f50}: 'java.lang.Object java.lang.invoke.DirectMethodHandle$Holder.invokeInterface(java.lang.Object, java.lang.Object, java.lang.Object)'> (0x0000000092078f50) 
thrown [s\src\hotspot\share\interpreter\linkResolver.cpp, line 771]
Event: 36.868 Thread 0x00000218a2d08f90 Exception <a 'java/lang/IncompatibleClassChangeError'{0x000000009207d0b8}: Found class java.lang.Object, but interface was expected> (0x000000009207d0b8) 
thrown [s\src\hotspot\share\interpreter\linkResolver.cpp, line 838]
Event: 37.820 Thread 0x00000218a2d08f90 Implicit null exception at 0x00000218af514b11 to 0x00000218af514d78
Event: 40.684 Thread 0x00000218a2d08f90 Exception <a 'java/lang/NoSuchMethodError'{0x0000000093cd3b40}: 'java.lang.Object java.lang.invoke.DirectMethodHandle$Holder.invokeSpecial(java.lang.Object, java.lang.Object, int, int, java.lang.Object, java.lang.Object, java.lang.Object, java.lang.Object, java.lang.Object)'> (0x0000000093cd3b40) 
thrown [s\src\hotspot\share\interpreter\linkResolver.cpp, line 771]
Event: 40.776 Thread 0x00000218a2d08f90 Exception <a 'java/lang/NoSuchMethodError'{0x0000000093b35718}: 'java.lang.Object java.lang.invoke.DirectMethodHandle$Holder.newInvokeSpecial(java.lang.Object, java.lang.Object, int, int, java.lang.Object, java.lang.Object, java.lang.Object)'> (0x0000000093b35718) 
thrown [s\src\hotspot\share\interpreter\linkResolver.cpp, line 771]
Event: 40.776 Thread 0x00000218a2d08f90 Exception <a 'java/lang/NoSuchMethodError'{0x0000000093b3a058}: 'java.lang.Object java.lang.invoke.DirectMethodHandle$Holder.invokeSpecial(java.lang.Object, java.lang.Object, java.lang.Object, int, int, java.lang.Object, java.lang.Object, java.lang.Object)'> (0x0000000093b3a058) 
thrown [s\src\hotspot\share\interpreter\linkResolver.cpp, line 771]
Event: 40.914 Thread 0x00000218a2d08f90 Exception <a 'java/lang/NoSuchMethodError'{0x0000000093a403f8}: 'java.lang.Object java.lang.invoke.DirectMethodHandle$Holder.invokeStatic(java.lang.Object, int, java.lang.Object)'> (0x0000000093a403f8) 
thrown [s\src\hotspot\share\interpreter\linkResolver.cpp, line 771]
Event: 40.928 Thread 0x00000218a2d08f90 Exception <a 'java/lang/NoSuchMethodError'{0x0000000093a68380}: 'java.lang.Object java.lang.invoke.DirectMethodHandle$Holder.newInvokeSpecial(java.lang.Object, int, java.lang.Object, java.lang.Object)'> (0x0000000093a68380) 
thrown [s\src\hotspot\share\interpreter\linkResolver.cpp, line 771]
Event: 45.019 Thread 0x00000218a2d08f90 Implicit null exception at 0x00000218af4e8b90 to 0x00000218af4e8e38

VM Operations (20 events):
Event: 46.203 Executing VM operation: G1Concurrent
Event: 46.233 Executing VM operation: G1Concurrent done
Event: 46.333 Executing VM operation: HandshakeAllThreads
Event: 46.333 Executing VM operation: HandshakeAllThreads done
Event: 46.347 Executing VM operation: HandshakeAllThreads
Event: 46.347 Executing VM operation: HandshakeAllThreads done
Event: 46.391 Executing VM operation: G1Concurrent
Event: 46.392 Executing VM operation: G1Concurrent done
Event: 46.498 Executing VM operation: HandshakeAllThreads
Event: 46.498 Executing VM operation: HandshakeAllThreads done
Event: 46.500 Executing VM operation: HandshakeAllThreads
Event: 46.500 Executing VM operation: HandshakeAllThreads done
Event: 46.867 Executing VM operation: HandshakeAllThreads
Event: 46.867 Executing VM operation: HandshakeAllThreads done
Event: 46.974 Executing VM operation: ICBufferFull
Event: 46.975 Executing VM operation: ICBufferFull done
Event: 47.983 Executing VM operation: Cleanup
Event: 47.984 Executing VM operation: Cleanup done
Event: 48.206 Executing VM operation: HandshakeAllThreads
Event: 48.206 Executing VM operation: HandshakeAllThreads done

Events (20 events):
Event: 40.497 Thread 0x00000218be4199a0 flushing nmethod 0x00000218a8b35590
Event: 40.497 Thread 0x00000218be4199a0 flushing nmethod 0x00000218a8b3d990
Event: 40.498 Thread 0x00000218be4199a0 flushing nmethod 0x00000218a8b4a010
Event: 40.498 Thread 0x00000218be4199a0 flushing nmethod 0x00000218a8b55d90
Event: 40.498 Thread 0x00000218be4199a0 flushing nmethod 0x00000218a8ba3a90
Event: 40.498 Thread 0x00000218be4199a0 flushing nmethod 0x00000218a8ba5790
Event: 40.499 Thread 0x00000218be4199a0 flushing nmethod 0x00000218a8bff010
Event: 40.499 Thread 0x00000218be4199a0 flushing nmethod 0x00000218a8c02c10
Event: 40.499 Thread 0x00000218be4199a0 flushing nmethod 0x00000218a8c22510
Event: 40.499 Thread 0x00000218be4199a0 flushing nmethod 0x00000218a8c46010
Event: 40.499 Thread 0x00000218be4199a0 flushing nmethod 0x00000218a8c94490
Event: 40.500 Thread 0x00000218be4199a0 flushing nmethod 0x00000218a8c9db90
Event: 40.500 Thread 0x00000218be4199a0 flushing nmethod 0x00000218a8c9f610
Event: 40.500 Thread 0x00000218be4199a0 flushing nmethod 0x00000218a8cc7d10
Event: 45.125 loading class java/lang/invoke/BoundMethodHandle$Species_LLLLLLLLLL
Event: 45.126 loading class java/lang/invoke/BoundMethodHandle$Species_LLLLLLLLLL done
Event: 45.128 loading class java/lang/invoke/BoundMethodHandle$Species_LLLLLLLLLLL
Event: 45.129 loading class java/lang/invoke/BoundMethodHandle$Species_LLLLLLLLLLL done
Event: 46.365 Thread 0x00000218be4199a0 flushing nmethod 0x00000218a82ca690
Event: 46.365 Thread 0x00000218be4199a0 flushing nmethod 0x00000218a82cbb10


Dynamic libraries:
0x00007ff72fbb0000 - 0x00007ff72fbba000 	C:\Program Files\Android\Android Studio\jbr\bin\java.exe
0x00007ffc08c10000 - 0x00007ffc08e05000 	C:\WINDOWS\SYSTEM32\ntdll.dll
0x00007ffc07f80000 - 0x00007ffc0803d000 	C:\WINDOWS\System32\KERNEL32.DLL
0x00007ffc06800000 - 0x00007ffc06ac9000 	C:\WINDOWS\System32\KERNELBASE.dll
0x00007ffc06600000 - 0x00007ffc06700000 	C:\WINDOWS\System32\ucrtbase.dll
0x00007ffbf96b0000 - 0x00007ffbf96cb000 	C:\Program Files\Android\Android Studio\jbr\bin\VCRUNTIME140.dll
0x00007ffbf4ac0000 - 0x00007ffbf4ad7000 	C:\Program Files\Android\Android Studio\jbr\bin\jli.dll
0x00007ffc089c0000 - 0x00007ffc08b60000 	C:\WINDOWS\System32\USER32.dll
0x00007ffc06350000 - 0x00007ffc06372000 	C:\WINDOWS\System32\win32u.dll
0x00007ffbf9c30000 - 0x00007ffbf9eca000 	C:\WINDOWS\WinSxS\amd64_microsoft.windows.common-controls_6595b64144ccf1df_6.0.19041.844_none_ca00b6081b84eb1d\COMCTL32.dll
0x00007ffc06c70000 - 0x00007ffc06c9a000 	C:\WINDOWS\System32\GDI32.dll
0x00007ffc07010000 - 0x00007ffc070ae000 	C:\WINDOWS\System32\msvcrt.dll
0x00007ffc06b00000 - 0x00007ffc06c0b000 	C:\WINDOWS\System32\gdi32full.dll
0x00007ffc06380000 - 0x00007ffc0641d000 	C:\WINDOWS\System32\msvcp_win.dll
0x00007ffc07b40000 - 0x00007ffc07b70000 	C:\WINDOWS\System32\IMM32.DLL
0x00007ffbf96a0000 - 0x00007ffbf96ac000 	C:\Program Files\Android\Android Studio\jbr\bin\vcruntime140_1.dll
0x00007ffbdefd0000 - 0x00007ffbdf05d000 	C:\Program Files\Android\Android Studio\jbr\bin\msvcp140.dll
0x00007ffbbc490000 - 0x00007ffbbd0fe000 	C:\Program Files\Android\Android Studio\jbr\bin\server\jvm.dll
0x00007ffc07c00000 - 0x00007ffc07cac000 	C:\WINDOWS\System32\ADVAPI32.dll
0x00007ffc087a0000 - 0x00007ffc0883c000 	C:\WINDOWS\System32\sechost.dll
0x00007ffc06d00000 - 0x00007ffc06e2b000 	C:\WINDOWS\System32\RPCRT4.dll
0x00007ffc00a50000 - 0x00007ffc00a59000 	C:\WINDOWS\SYSTEM32\WSOCK32.dll
0x00007ffbfc620000 - 0x00007ffbfc647000 	C:\WINDOWS\SYSTEM32\WINMM.dll
0x00007ffc08b60000 - 0x00007ffc08bcb000 	C:\WINDOWS\System32\WS2_32.dll
0x00007ffbfc6c0000 - 0x00007ffbfc6ca000 	C:\WINDOWS\SYSTEM32\VERSION.dll
0x00007ffc04c30000 - 0x00007ffc04c42000 	C:\WINDOWS\SYSTEM32\kernel.appcore.dll
0x00007ffc01e50000 - 0x00007ffc01e5a000 	C:\Program Files\Android\Android Studio\jbr\bin\jimage.dll
0x00007ffbf7b40000 - 0x00007ffbf7d24000 	C:\WINDOWS\SYSTEM32\DBGHELP.DLL
0x00007ffbf5c40000 - 0x00007ffbf5c6c000 	C:\WINDOWS\SYSTEM32\dbgcore.DLL
0x00007ffc06420000 - 0x00007ffc064a0000 	C:\WINDOWS\System32\bcryptPrimitives.dll
0x00007ffbfa070000 - 0x00007ffbfa095000 	C:\Program Files\Android\Android Studio\jbr\bin\java.dll
0x00007ffbfc650000 - 0x00007ffbfc668000 	C:\Program Files\Android\Android Studio\jbr\bin\zip.dll
0x00007ffc08050000 - 0x00007ffc08792000 	C:\WINDOWS\System32\SHELL32.dll
0x00007ffc04130000 - 0x00007ffc048c0000 	C:\WINDOWS\SYSTEM32\windows.storage.dll
0x00007ffc07630000 - 0x00007ffc07985000 	C:\WINDOWS\System32\combase.dll
0x00007ffc05dc0000 - 0x00007ffc05dec000 	C:\WINDOWS\SYSTEM32\Wldp.dll
0x00007ffc08910000 - 0x00007ffc089be000 	C:\WINDOWS\System32\SHCORE.dll
0x00007ffc06e30000 - 0x00007ffc06e85000 	C:\WINDOWS\System32\shlwapi.dll
0x00007ffc06290000 - 0x00007ffc062af000 	C:\WINDOWS\SYSTEM32\profapi.dll
0x00007ffbf9600000 - 0x00007ffbf9619000 	C:\Program Files\Android\Android Studio\jbr\bin\net.dll
0x00007ffbfe580000 - 0x00007ffbfe68c000 	C:\WINDOWS\SYSTEM32\WINHTTP.dll
0x00007ffc05b40000 - 0x00007ffc05baa000 	C:\WINDOWS\system32\mswsock.dll
0x00007ffbf95e0000 - 0x00007ffbf95f6000 	C:\Program Files\Android\Android Studio\jbr\bin\nio.dll
0x00007ffbfb6a0000 - 0x00007ffbfb6b0000 	C:\Program Files\Android\Android Studio\jbr\bin\verify.dll

dbghelp: loaded successfully - version: 4.0.5 - missing functions: none
symbol engine: initialized successfully - sym options: 0x614 - pdb path: .;C:\Program Files\Android\Android Studio\jbr\bin;C:\WINDOWS\SYSTEM32;C:\WINDOWS\WinSxS\amd64_microsoft.windows.common-controls_6595b64144ccf1df_6.0.19041.844_none_ca00b6081b84eb1d;C:\Program Files\Android\Android Studio\jbr\bin\server

VM Arguments:
java_command: org.jetbrains.kotlin.cli.jvm.K2JVMCompiler @C:\Users\juan manuel\AndroidStudioProjects\FirebaseExample\app\build\20240222_7723378281178383156.compiler.options
java_class_path (initial): C:\Gradle\gradle-6.7\caches\modules-2\files-2.1\org.jetbrains.kotlin\kotlin-compiler-embeddable\1.8.10\b0757fd774344d54ce93f5ad6c30ba1c1731c8ff\kotlin-compiler-embeddable-1.8.10.jar;C:\Gradle\gradle-6.7\caches\modules-2\files-2.1\org.jetbrains.kotlin\kotlin-stdlib\1.8.10\6d5560a229477df9406943d5feda5618e98eb64c\kotlin-stdlib-1.8.10.jar;C:\Gradle\gradle-6.7\caches\modules-2\files-2.1\org.jetbrains.kotlin\kotlin-script-runtime\1.8.10\b13ea9c7e46d589139e56086a878763290e20bd5\kotlin-script-runtime-1.8.10.jar;C:\Gradle\gradle-6.7\caches\modules-2\files-2.1\org.jetbrains.kotlin\kotlin-reflect\1.6.10\1cbe9c92c12a94eea200d23c2bbaedaf3daf5132\kotlin-reflect-1.6.10.jar;C:\Gradle\gradle-6.7\caches\modules-2\files-2.1\org.jetbrains.kotlin\kotlin-daemon-embeddable\1.8.10\ad8541d9bc1cf9e52c3204161247910c2cf601d4\kotlin-daemon-embeddable-1.8.10.jar;C:\Gradle\gradle-6.7\caches\modules-2\files-2.1\org.jetbrains.intellij.deps\trove4j\1.0.20200330\3afb14d5f9ceb459d724e907a21145e8ff394f02\trove4j-1.0.20200330.jar;C:\Gradle\gradle-6.7\caches\modules-2\files-2.1\net.java.dev.jna\jna\5.6.0\330f2244e9030119ab3030fc3fededc86713d9cc\jna-5.6.0.jar;C:\Gradle\gradle-6.7\caches\modules-2\files-2.1\org.jetbrains.kotlin\kotlin-stdlib-common\1.8.10\a61b182458550492c12aee66157d7b524a63a5ec\kotlin-stdlib-common-1.8.10.jar;C:\Gradle\gradle-6.7\caches\modules-2\files-2.1\org.jetbrains\annotations\13.0\919f0dfe192fb4e063e7dacadee7f8bb9a2672a9\annotations-13.0.jar
Launcher Type: SUN_STANDARD

[Global flags]
     intx CICompilerCount                          = 3                                         {product} {ergonomic}
     uint ConcGCThreads                            = 1                                         {product} {ergonomic}
     uint G1ConcRefinementThreads                  = 4                                         {product} {ergonomic}
   size_t G1HeapRegionSize                         = 1048576                                   {product} {ergonomic}
    uintx GCDrainStackTargetSize                   = 64                                        {product} {ergonomic}
   size_t InitialHeapSize                          = 121634816                                 {product} {ergonomic}
   size_t MarkStackSize                            = 4194304                                   {product} {ergonomic}
   size_t MaxHeapSize                              = 1931476992                                {product} {ergonomic}
   size_t MaxNewSize                               = 1158676480                                {product} {ergonomic}
   size_t MinHeapDeltaBytes                        = 1048576                                   {product} {ergonomic}
   size_t MinHeapSize                              = 8388608                                   {product} {ergonomic}
    uintx NonNMethodCodeHeapSize                   = 5832780                                {pd product} {ergonomic}
    uintx NonProfiledCodeHeapSize                  = 122912730                              {pd product} {ergonomic}
    uintx ProfiledCodeHeapSize                     = 122912730                              {pd product} {ergonomic}
    uintx ReservedCodeCacheSize                    = 251658240                              {pd product} {ergonomic}
     bool SegmentedCodeCache                       = true                                      {product} {ergonomic}
   size_t SoftMaxHeapSize                          = 1931476992                             {manageable} {ergonomic}
     bool UseCompressedClassPointers               = true                           {product lp64_product} {ergonomic}
     bool UseCompressedOops                        = true                           {product lp64_product} {ergonomic}
     bool UseG1GC                                  = true                                      {product} {ergonomic}
     bool UseLargePagesIndividualAllocation        = false                                  {pd product} {ergonomic}

Logging:
Log output configuration:
 #0: stdout all=warning uptime,level,tags
 #1: stderr all=off uptime,level,tags

Environment Variables:
JAVA_HOME=C:/Users/juan manuel/.jdks/openjdk-20.0.2
PATH=C:\Program Files\Common Files\Oracle\Java\javapath;C:\oraclexe\app\oracle\product\11.2.0\server\bin;C:\WINDOWS\system32;C:\WINDOWS;C:\WINDOWS\System32\Wbem;C:\WINDOWS\System32\WindowsPowerShell\v1.0\;C:\WINDOWS\System32\OpenSSH\;c:\Program Files (x86)\AMD\ATI.ACE\Core-Static;c:\Program Files\Intel\WiFi\bin\;c:\Program Files\Common Files\Intel\WirelessCommon\;C:\xampp\php;C:\composer;C:\Program Files\Java\jdk1.8.0_191\bin;C:\Program Files\Microsoft SQL Server\Client SDK\ODBC\170\Tools\Binn\;C:\Program Files\Common Files\Autodesk Shared\;C:\Program Files\Git\cmd;C:\Users\juan manuel\AppData\Local\Microsoft\WindowsApps;c:\Program Files\Intel\WiFi\bin\;c:\Program Files\Common Files\Intel\WirelessCommon\;C:\Users\juan manuel\AppData\Local\GitHubDesktop\bin;C:\Users\juan manuel\AppData\Roaming\Composer\vendor\bin;C:\Users\juan manuel\AppData\Local\Programs\Microsoft VS Code\bin;C:\Users\juan manuel\AppData\Local\Microsoft\WindowsApps;C:\src\flutter\bin;
USERNAME=juan manuel
OS=Windows_NT
PROCESSOR_IDENTIFIER=AMD64 Family 21 Model 19 Stepping 1, AuthenticAMD
TMP=C:\Users\JUANMA~1\AppData\Local\Temp
TEMP=C:\Users\JUANMA~1\AppData\Local\Temp


JNI global refs:
JNI global refs: 10, weak refs: 26

JNI global refs memory usage: 843, weak refs: 841


---------------  S Y S T E M  ---------------

OS:
 Windows 10 , 64 bit Build 19041 (10.0.19041.804)
OS uptime: 1 days 3:56 hours

CPU: total 4 (initial active 4) (4 cores per cpu, 1 threads per core) family 21 model 19 stepping 1 microcode 0x0, cx8, cmov, fxsr, mmx, 3dnowpref, sse, sse2, sse3, ssse3, sse4a, sse4.1, sse4.2, popcnt, lzcnt, tsc, tscinvbit, avx, aes, clmul, bmi1, fma, vzeroupper, clflush

Memory: 4k page, system-wide physical 7364M (313M free)
TotalPageFile size 11000M (AvailPageFile size 3M)
current process WorkingSet (physical memory assigned to process): 339M, peak: 339M
current process commit charge ("private bytes"): 451M, peak: 451M

vm_info: OpenJDK 64-Bit Server VM (17.0.6+0-b2043.56-10027231) for windows-amd64 JRE (17.0.6+0-b2043.56-10027231), built on Apr 28 2023 00:43:19 by "androidbuild" with MS VC++ 16.10 / 16.11 (VS2019)

END.
